{"code":"ER_ACCESS_DENIED_ERROR","errno":1045,"level":"error","message":"Database connection failed Access denied for user 'root'@'localhost' (using password: NO)","sqlMessage":"Access denied for user 'root'@'localhost' (using password: NO)","sqlState":"28000","stack":"Error: Access denied for user 'root'@'localhost' (using password: NO)\n    at Packet.asError (D:\\Odoo-hackathon-2025\\Expense_management\\backend\\node_modules\\mysql2\\lib\\packets\\packet.js:740:17)\n    at ClientHandshake.execute (D:\\Odoo-hackathon-2025\\Expense_management\\backend\\node_modules\\mysql2\\lib\\commands\\command.js:29:26)\n    at PoolConnection.handlePacket (D:\\Odoo-hackathon-2025\\Expense_management\\backend\\node_modules\\mysql2\\lib\\base\\connection.js:475:34)\n    at PacketParser.onPacket (D:\\Odoo-hackathon-2025\\Expense_management\\backend\\node_modules\\mysql2\\lib\\base\\connection.js:93:12)\n    at PacketParser.executeStart (D:\\Odoo-hackathon-2025\\Expense_management\\backend\\node_modules\\mysql2\\lib\\packet_parser.js:75:16)\n    at Socket.<anonymous> (D:\\Odoo-hackathon-2025\\Expense_management\\backend\\node_modules\\mysql2\\lib\\base\\connection.js:100:25)\n    at Socket.emit (node:events:519:28)\n    at addChunk (node:internal/streams/readable:559:12)\n    at readableAddChunkPushByteMode (node:internal/streams/readable:510:3)\n    at Readable.push (node:internal/streams/readable:390:5)","timestamp":"2025-10-04T05:43:16.150Z"}
{"code":"ER_ACCESS_DENIED_ERROR","errno":1045,"level":"error","message":"Failed to connect to database Access denied for user 'root'@'localhost' (using password: NO)","sqlMessage":"Access denied for user 'root'@'localhost' (using password: NO)","sqlState":"28000","stack":"Error: Access denied for user 'root'@'localhost' (using password: NO)\n    at Packet.asError (D:\\Odoo-hackathon-2025\\Expense_management\\backend\\node_modules\\mysql2\\lib\\packets\\packet.js:740:17)\n    at ClientHandshake.execute (D:\\Odoo-hackathon-2025\\Expense_management\\backend\\node_modules\\mysql2\\lib\\commands\\command.js:29:26)\n    at PoolConnection.handlePacket (D:\\Odoo-hackathon-2025\\Expense_management\\backend\\node_modules\\mysql2\\lib\\base\\connection.js:475:34)\n    at PacketParser.onPacket (D:\\Odoo-hackathon-2025\\Expense_management\\backend\\node_modules\\mysql2\\lib\\base\\connection.js:93:12)\n    at PacketParser.executeStart (D:\\Odoo-hackathon-2025\\Expense_management\\backend\\node_modules\\mysql2\\lib\\packet_parser.js:75:16)\n    at Socket.<anonymous> (D:\\Odoo-hackathon-2025\\Expense_management\\backend\\node_modules\\mysql2\\lib\\base\\connection.js:100:25)\n    at Socket.emit (node:events:519:28)\n    at addChunk (node:internal/streams/readable:559:12)\n    at readableAddChunkPushByteMode (node:internal/streams/readable:510:3)\n    at Readable.push (node:internal/streams/readable:390:5)","timestamp":"2025-10-04T05:43:16.158Z"}
{"code":"ER_BAD_DB_ERROR","errno":1049,"level":"error","message":"Database connection failed Unknown database 'odoo'","sqlMessage":"Unknown database 'odoo'","sqlState":"42000","stack":"Error: Unknown database 'odoo'\n    at Packet.asError (D:\\Odoo-hackathon-2025\\Expense_management\\backend\\node_modules\\mysql2\\lib\\packets\\packet.js:740:17)\n    at ClientHandshake.execute (D:\\Odoo-hackathon-2025\\Expense_management\\backend\\node_modules\\mysql2\\lib\\commands\\command.js:29:26)\n    at PoolConnection.handlePacket (D:\\Odoo-hackathon-2025\\Expense_management\\backend\\node_modules\\mysql2\\lib\\base\\connection.js:475:34)\n    at PacketParser.onPacket (D:\\Odoo-hackathon-2025\\Expense_management\\backend\\node_modules\\mysql2\\lib\\base\\connection.js:93:12)\n    at PacketParser.executeStart (D:\\Odoo-hackathon-2025\\Expense_management\\backend\\node_modules\\mysql2\\lib\\packet_parser.js:75:16)\n    at Socket.<anonymous> (D:\\Odoo-hackathon-2025\\Expense_management\\backend\\node_modules\\mysql2\\lib\\base\\connection.js:100:25)\n    at Socket.emit (node:events:519:28)\n    at addChunk (node:internal/streams/readable:559:12)\n    at readableAddChunkPushByteMode (node:internal/streams/readable:510:3)\n    at Readable.push (node:internal/streams/readable:390:5)","timestamp":"2025-10-04T05:43:57.927Z"}
{"code":"ER_BAD_DB_ERROR","errno":1049,"level":"error","message":"Failed to connect to database Unknown database 'odoo'","sqlMessage":"Unknown database 'odoo'","sqlState":"42000","stack":"Error: Unknown database 'odoo'\n    at Packet.asError (D:\\Odoo-hackathon-2025\\Expense_management\\backend\\node_modules\\mysql2\\lib\\packets\\packet.js:740:17)\n    at ClientHandshake.execute (D:\\Odoo-hackathon-2025\\Expense_management\\backend\\node_modules\\mysql2\\lib\\commands\\command.js:29:26)\n    at PoolConnection.handlePacket (D:\\Odoo-hackathon-2025\\Expense_management\\backend\\node_modules\\mysql2\\lib\\base\\connection.js:475:34)\n    at PacketParser.onPacket (D:\\Odoo-hackathon-2025\\Expense_management\\backend\\node_modules\\mysql2\\lib\\base\\connection.js:93:12)\n    at PacketParser.executeStart (D:\\Odoo-hackathon-2025\\Expense_management\\backend\\node_modules\\mysql2\\lib\\packet_parser.js:75:16)\n    at Socket.<anonymous> (D:\\Odoo-hackathon-2025\\Expense_management\\backend\\node_modules\\mysql2\\lib\\base\\connection.js:100:25)\n    at Socket.emit (node:events:519:28)\n    at addChunk (node:internal/streams/readable:559:12)\n    at readableAddChunkPushByteMode (node:internal/streams/readable:510:3)\n    at Readable.push (node:internal/streams/readable:390:5)","timestamp":"2025-10-04T05:43:57.935Z"}
{"code":"ER_ACCESS_DENIED_ERROR","errno":1045,"level":"error","message":"Database connection failed Access denied for user 'root'@'localhost' (using password: NO)","sqlMessage":"Access denied for user 'root'@'localhost' (using password: NO)","sqlState":"28000","stack":"Error: Access denied for user 'root'@'localhost' (using password: NO)\n    at Packet.asError (D:\\Odoo-hackathon-2025\\Expense_management\\backend\\node_modules\\mysql2\\lib\\packets\\packet.js:740:17)\n    at ClientHandshake.execute (D:\\Odoo-hackathon-2025\\Expense_management\\backend\\node_modules\\mysql2\\lib\\commands\\command.js:29:26)\n    at PoolConnection.handlePacket (D:\\Odoo-hackathon-2025\\Expense_management\\backend\\node_modules\\mysql2\\lib\\base\\connection.js:475:34)\n    at PacketParser.onPacket (D:\\Odoo-hackathon-2025\\Expense_management\\backend\\node_modules\\mysql2\\lib\\base\\connection.js:93:12)\n    at PacketParser.executeStart (D:\\Odoo-hackathon-2025\\Expense_management\\backend\\node_modules\\mysql2\\lib\\packet_parser.js:75:16)\n    at Socket.<anonymous> (D:\\Odoo-hackathon-2025\\Expense_management\\backend\\node_modules\\mysql2\\lib\\base\\connection.js:100:25)\n    at Socket.emit (node:events:519:28)\n    at addChunk (node:internal/streams/readable:559:12)\n    at readableAddChunkPushByteMode (node:internal/streams/readable:510:3)\n    at Readable.push (node:internal/streams/readable:390:5)","timestamp":"2025-10-04T05:46:04.412Z"}
{"code":"ER_ACCESS_DENIED_ERROR","errno":1045,"level":"error","message":"Failed to connect to database Access denied for user 'root'@'localhost' (using password: NO)","sqlMessage":"Access denied for user 'root'@'localhost' (using password: NO)","sqlState":"28000","stack":"Error: Access denied for user 'root'@'localhost' (using password: NO)\n    at Packet.asError (D:\\Odoo-hackathon-2025\\Expense_management\\backend\\node_modules\\mysql2\\lib\\packets\\packet.js:740:17)\n    at ClientHandshake.execute (D:\\Odoo-hackathon-2025\\Expense_management\\backend\\node_modules\\mysql2\\lib\\commands\\command.js:29:26)\n    at PoolConnection.handlePacket (D:\\Odoo-hackathon-2025\\Expense_management\\backend\\node_modules\\mysql2\\lib\\base\\connection.js:475:34)\n    at PacketParser.onPacket (D:\\Odoo-hackathon-2025\\Expense_management\\backend\\node_modules\\mysql2\\lib\\base\\connection.js:93:12)\n    at PacketParser.executeStart (D:\\Odoo-hackathon-2025\\Expense_management\\backend\\node_modules\\mysql2\\lib\\packet_parser.js:75:16)\n    at Socket.<anonymous> (D:\\Odoo-hackathon-2025\\Expense_management\\backend\\node_modules\\mysql2\\lib\\base\\connection.js:100:25)\n    at Socket.emit (node:events:519:28)\n    at addChunk (node:internal/streams/readable:559:12)\n    at readableAddChunkPushByteMode (node:internal/streams/readable:510:3)\n    at Readable.push (node:internal/streams/readable:390:5)","timestamp":"2025-10-04T05:46:04.416Z"}
{"level":"info","message":"Database connection successful","timestamp":"2025-10-04T05:46:12.306Z"}
{"level":"info","message":"Connected to MySQL database","timestamp":"2025-10-04T05:46:12.310Z"}
{"level":"info","message":"Server running on port 3000","timestamp":"2025-10-04T05:46:12.316Z"}
{"level":"info","message":"Database connection successful","timestamp":"2025-10-04T06:15:21.680Z"}
{"level":"info","message":"Connected to MySQL database","timestamp":"2025-10-04T06:15:21.684Z"}
{"level":"info","message":"Server running on port 3000","timestamp":"2025-10-04T06:15:21.688Z"}
{"level":"info","message":"Database connection successful","timestamp":"2025-10-04T06:17:02.994Z"}
{"level":"info","message":"Connected to MySQL database","timestamp":"2025-10-04T06:17:03.002Z"}
{"level":"info","message":"Server running on port 3000","timestamp":"2025-10-04T06:17:03.013Z"}
{"level":"info","message":"Database connection successful","timestamp":"2025-10-04T06:36:05.516Z"}
{"level":"info","message":"Connected to MySQL database","timestamp":"2025-10-04T06:36:05.550Z"}
{"level":"info","message":"Server running on port 3000","timestamp":"2025-10-04T06:36:05.566Z"}
{"level":"info","message":"Database connection successful","timestamp":"2025-10-04T06:37:11.947Z"}
{"level":"info","message":"Connected to MySQL database","timestamp":"2025-10-04T06:37:11.950Z"}
{"level":"info","message":"Server running on port 3000","timestamp":"2025-10-04T06:37:11.953Z"}
{"level":"info","message":"Database connection successful","timestamp":"2025-10-04T06:38:18.741Z"}
{"level":"info","message":"Connected to MySQL database","timestamp":"2025-10-04T06:38:18.745Z"}
{"level":"info","message":"Server running on port 3000","timestamp":"2025-10-04T06:38:18.750Z"}
{"level":"info","message":"Database connection successful","timestamp":"2025-10-04T06:40:37.109Z"}
{"level":"info","message":"Connected to MySQL database","timestamp":"2025-10-04T06:40:37.112Z"}
{"level":"info","message":"Server running on port 3000","timestamp":"2025-10-04T06:40:37.116Z"}
{"level":"info","message":"Database connection successful","timestamp":"2025-10-04T06:42:51.023Z"}
{"level":"info","message":"Connected to MySQL database","timestamp":"2025-10-04T06:42:51.028Z"}
{"level":"info","message":"Server running on port 3000","timestamp":"2025-10-04T06:42:51.032Z"}
{"level":"info","message":"Database connection successful","timestamp":"2025-10-04T06:43:40.980Z"}
{"level":"info","message":"Connected to MySQL database","timestamp":"2025-10-04T06:43:40.983Z"}
{"level":"info","message":"Server running on port 3000","timestamp":"2025-10-04T06:43:40.987Z"}
{"level":"info","message":"Database connection successful","timestamp":"2025-10-04T06:44:50.487Z"}
{"level":"info","message":"Connected to MySQL database","timestamp":"2025-10-04T06:44:50.491Z"}
{"level":"info","message":"Server running on port 3000","timestamp":"2025-10-04T06:44:50.496Z"}
{"level":"info","message":"Database connection successful","timestamp":"2025-10-04T06:46:20.690Z"}
{"level":"info","message":"Connected to MySQL database","timestamp":"2025-10-04T06:46:20.694Z"}
{"level":"info","message":"Server running on port 3000","timestamp":"2025-10-04T06:46:20.698Z"}
{"error":{"code":"ER_BAD_NULL_ERROR","errno":1048,"message":"Column 'company_id' cannot be null","sql":"\n            INSERT INTO users \n            (company_id, first_name, last_name, email, password, role, manager_id, default_approval_flow_id)\n            VALUES (NULL, 'Vivek', 'Gokhale', 'vivekgokhale23@gmail.com', '$2b$10$neM.sZs3gT/kNsGIg5fpmeHk/khPEjKoMNloIOiJJx594yW/FZJdC', 'admin', NULL, NULL)\n        ","sqlMessage":"Column 'company_id' cannot be null","sqlState":"23000"},"level":"error","message":"Error executing SQL query","params":[null,"Vivek","Gokhale","vivekgokhale23@gmail.com","$2b$10$neM.sZs3gT/kNsGIg5fpmeHk/khPEjKoMNloIOiJJx594yW/FZJdC","admin",null,null],"sql":"\n            INSERT INTO users \n            (company_id, first_name, last_name, email, password, role, manager_id, default_approval_flow_id)\n            VALUES (?, ?, ?, ?, ?, ?, ?, ?)\n        ","timestamp":"2025-10-04T06:46:24.579Z"}
{"level":"info","message":"Database connection successful","timestamp":"2025-10-04T06:48:34.905Z"}
{"level":"info","message":"Connected to MySQL database","timestamp":"2025-10-04T06:48:34.908Z"}
{"level":"info","message":"Server running on port 3000","timestamp":"2025-10-04T06:48:34.912Z"}
{"level":"info","message":"Database connection successful","timestamp":"2025-10-04T06:56:46.994Z"}
{"level":"info","message":"Connected to MySQL database","timestamp":"2025-10-04T06:56:46.997Z"}
{"level":"info","message":"Server running on port 3000","timestamp":"2025-10-04T06:56:47.000Z"}
{"level":"info","message":"Database connection successful","timestamp":"2025-10-04T07:05:27.168Z"}
{"level":"info","message":"Connected to MySQL database","timestamp":"2025-10-04T07:05:27.172Z"}
{"level":"info","message":"Server running on port 3000","timestamp":"2025-10-04T07:05:27.176Z"}
{"error":{"code":"ER_BAD_FIELD_ERROR","errno":1054,"message":"Unknown column 'default_approval_flow_id' in 'field list'","sql":"\n            INSERT INTO users \n            (company_id, first_name, last_name, email, password, role, manager_id, default_approval_flow_id)\n            VALUES (1, 'Vivek', 'Gokhale', 'vivekgokhale23@gmail.com', '$2b$10$iOE0tx08Ja3WFjVI.fwcqOrDfFsrsfe6Ud81bHnkoHfR4q81TLDhW', 'admin', NULL, NULL)\n        ","sqlMessage":"Unknown column 'default_approval_flow_id' in 'field list'","sqlState":"42S22"},"level":"error","message":"Error executing SQL query","params":[1,"Vivek","Gokhale","vivekgokhale23@gmail.com","$2b$10$iOE0tx08Ja3WFjVI.fwcqOrDfFsrsfe6Ud81bHnkoHfR4q81TLDhW","admin",null,null],"sql":"\n            INSERT INTO users \n            (company_id, first_name, last_name, email, password, role, manager_id, default_approval_flow_id)\n            VALUES (?, ?, ?, ?, ?, ?, ?, ?)\n        ","timestamp":"2025-10-04T07:05:31.294Z"}
{"level":"info","message":"Database connection successful","timestamp":"2025-10-04T07:08:31.505Z"}
{"level":"info","message":"Connected to MySQL database","timestamp":"2025-10-04T07:08:31.508Z"}
{"level":"info","message":"Server running on port 3000","timestamp":"2025-10-04T07:08:31.511Z"}
{"level":"info","message":"Database connection successful","timestamp":"2025-10-04T07:08:52.268Z"}
{"level":"info","message":"Connected to MySQL database","timestamp":"2025-10-04T07:08:52.272Z"}
{"level":"info","message":"Server running on port 3000","timestamp":"2025-10-04T07:08:52.276Z"}
{"error":{"code":"ER_PARSE_ERROR","errno":1064,"message":"You have an error in your SQL syntax; check the manual that corresponds to your MySQL server version for the right syntax to use near '?)' at line 2","sql":"\n            INSERT INTO users \n            (company_id, first_name, last_name, email, password, role, manager_id, default_approval_flow_id)\n            VALUES (3, 'Vivek', 'Gokhale', 'vivekgokhale23@gmail.com', '$2b$10$0F7Rp4qeSlClw4ub1yMhSujUjpzLPjmeo0UNAIBTFvS951p3.Gwe2', 'admin', NULL, ?)\n        ","sqlMessage":"You have an error in your SQL syntax; check the manual that corresponds to your MySQL server version for the right syntax to use near '?)' at line 2","sqlState":"42000"},"level":"error","message":"Error executing SQL query","params":[3,"Vivek","Gokhale","vivekgokhale23@gmail.com","$2b$10$0F7Rp4qeSlClw4ub1yMhSujUjpzLPjmeo0UNAIBTFvS951p3.Gwe2","admin",null],"sql":"\n            INSERT INTO users \n            (company_id, first_name, last_name, email, password, role, manager_id, default_approval_flow_id)\n            VALUES (?, ?, ?, ?, ?, ?, ?, ?)\n        ","timestamp":"2025-10-04T07:08:56.914Z"}
{"level":"info","message":"Database connection successful","timestamp":"2025-10-04T07:09:27.665Z"}
{"level":"info","message":"Connected to MySQL database","timestamp":"2025-10-04T07:09:27.671Z"}
{"level":"info","message":"Server running on port 3000","timestamp":"2025-10-04T07:09:27.677Z"}
{"error":{"code":"ER_WRONG_VALUE_COUNT_ON_ROW","errno":1136,"message":"Column count doesn't match value count at row 1","sql":"\n            INSERT INTO users \n            (company_id, first_name, last_name, email, password, role, manager_id, default_approval_flow_id)\n            VALUES (4, 'Vivek', 'Gokhale', 'vivekgokhale23@gmail.com', '$2b$10$euU4/SS0jBz//10BimcF4uYW99Uq9dXsUcEqsEE.c4BO3my5pPzZm', 'admin', NULL)\n        ","sqlMessage":"Column count doesn't match value count at row 1","sqlState":"21S01"},"level":"error","message":"Error executing SQL query","params":[4,"Vivek","Gokhale","vivekgokhale23@gmail.com","$2b$10$euU4/SS0jBz//10BimcF4uYW99Uq9dXsUcEqsEE.c4BO3my5pPzZm","admin",null],"sql":"\n            INSERT INTO users \n            (company_id, first_name, last_name, email, password, role, manager_id, default_approval_flow_id)\n            VALUES (?, ?, ?, ?, ?, ?, ?)\n        ","timestamp":"2025-10-04T07:09:31.512Z"}
{"level":"info","message":"Database connection successful","timestamp":"2025-10-04T07:10:12.046Z"}
{"level":"info","message":"Connected to MySQL database","timestamp":"2025-10-04T07:10:12.049Z"}
{"level":"info","message":"Server running on port 3000","timestamp":"2025-10-04T07:10:12.053Z"}
{"level":"info","message":"Database connection successful","timestamp":"2025-10-04T08:52:53.024Z"}
{"level":"info","message":"Connected to MySQL database","timestamp":"2025-10-04T08:52:53.028Z"}
{"level":"info","message":"Server running on port 3000","timestamp":"2025-10-04T08:52:53.033Z"}
{"level":"info","message":"Database connection successful","timestamp":"2025-10-04T08:58:35.582Z"}
{"level":"info","message":"Connected to MySQL database","timestamp":"2025-10-04T08:58:35.585Z"}
{"level":"info","message":"Server running on port 3000","timestamp":"2025-10-04T08:58:35.589Z"}
{"level":"info","message":"Database connection successful","timestamp":"2025-10-04T09:01:24.178Z"}
{"level":"info","message":"Connected to MySQL database","timestamp":"2025-10-04T09:01:24.181Z"}
{"level":"info","message":"Server running on port 3000","timestamp":"2025-10-04T09:01:24.185Z"}
{"level":"info","message":"Database connection successful","timestamp":"2025-10-04T09:03:45.689Z"}
{"level":"info","message":"Connected to MySQL database","timestamp":"2025-10-04T09:03:45.695Z"}
{"level":"info","message":"Server running on port 3000","timestamp":"2025-10-04T09:03:45.703Z"}
{"level":"info","message":"Database connection successful","timestamp":"2025-10-04T09:05:55.054Z"}
{"level":"info","message":"Connected to MySQL database","timestamp":"2025-10-04T09:05:55.059Z"}
{"level":"info","message":"Server running on port 3000","timestamp":"2025-10-04T09:05:55.064Z"}
{"level":"info","message":"Database connection successful","timestamp":"2025-10-04T09:06:26.404Z"}
{"level":"info","message":"Connected to MySQL database","timestamp":"2025-10-04T09:06:26.408Z"}
{"level":"info","message":"Server running on port 3000","timestamp":"2025-10-04T09:06:26.411Z"}
{"level":"info","message":"Database connection successful","timestamp":"2025-10-04T09:15:38.052Z"}
{"level":"info","message":"Connected to MySQL database","timestamp":"2025-10-04T09:15:38.056Z"}
{"level":"info","message":"Server running on port 3000","timestamp":"2025-10-04T09:15:38.061Z"}
{"level":"info","message":"Database connection successful","timestamp":"2025-10-04T09:16:43.255Z"}
{"level":"info","message":"Connected to MySQL database","timestamp":"2025-10-04T09:16:43.258Z"}
{"level":"info","message":"Server running on port 3000","timestamp":"2025-10-04T09:16:43.262Z"}
{"level":"info","message":"Database connection successful","timestamp":"2025-10-04T09:19:41.754Z"}
{"level":"info","message":"Connected to MySQL database","timestamp":"2025-10-04T09:19:41.758Z"}
{"level":"info","message":"Server running on port 3000","timestamp":"2025-10-04T09:19:41.763Z"}
{"level":"info","message":"Database connection successful","timestamp":"2025-10-04T09:22:01.297Z"}
{"level":"info","message":"Connected to MySQL database","timestamp":"2025-10-04T09:22:01.301Z"}
{"level":"info","message":"Server running on port 3000","timestamp":"2025-10-04T09:22:01.305Z"}
{"level":"info","message":"Database connection successful","timestamp":"2025-10-04T09:23:37.235Z"}
{"level":"info","message":"Connected to MySQL database","timestamp":"2025-10-04T09:23:37.240Z"}
{"level":"info","message":"Server running on port 3000","timestamp":"2025-10-04T09:23:37.246Z"}
{"level":"info","message":"Database connection successful","timestamp":"2025-10-04T09:25:57.697Z"}
{"level":"info","message":"Connected to MySQL database","timestamp":"2025-10-04T09:25:57.701Z"}
{"level":"info","message":"Server running on port 3000","timestamp":"2025-10-04T09:25:57.705Z"}
{"level":"info","message":"Database connection successful","timestamp":"2025-10-04T09:26:08.040Z"}
{"level":"info","message":"Connected to MySQL database","timestamp":"2025-10-04T09:26:08.044Z"}
{"level":"info","message":"Server running on port 3000","timestamp":"2025-10-04T09:26:08.048Z"}
{"level":"info","message":"Database connection successful","timestamp":"2025-10-04T09:27:49.994Z"}
{"level":"info","message":"Connected to MySQL database","timestamp":"2025-10-04T09:27:49.998Z"}
{"level":"info","message":"Server running on port 3000","timestamp":"2025-10-04T09:27:50.003Z"}
{"level":"info","message":"Database connection successful","timestamp":"2025-10-04T09:29:31.615Z"}
{"level":"info","message":"Connected to MySQL database","timestamp":"2025-10-04T09:29:31.619Z"}
{"level":"info","message":"Server running on port 3000","timestamp":"2025-10-04T09:29:31.623Z"}
{"level":"info","message":"Database connection successful","timestamp":"2025-10-04T09:32:46.760Z"}
{"level":"info","message":"Connected to MySQL database","timestamp":"2025-10-04T09:32:46.766Z"}
{"level":"info","message":"Server running on port 3000","timestamp":"2025-10-04T09:32:46.774Z"}
{"level":"info","message":"Database connection successful","timestamp":"2025-10-04T09:33:45.876Z"}
{"level":"info","message":"Connected to MySQL database","timestamp":"2025-10-04T09:33:45.880Z"}
{"level":"info","message":"Server running on port 3000","timestamp":"2025-10-04T09:33:45.885Z"}
{"level":"info","message":"Database connection successful","timestamp":"2025-10-04T09:34:06.271Z"}
{"level":"info","message":"Connected to MySQL database","timestamp":"2025-10-04T09:34:06.275Z"}
{"level":"info","message":"Server running on port 3000","timestamp":"2025-10-04T09:34:06.279Z"}
{"level":"info","message":"Database connection successful","timestamp":"2025-10-04T09:36:15.568Z"}
{"level":"info","message":"Connected to MySQL database","timestamp":"2025-10-04T09:36:15.572Z"}
{"level":"info","message":"Server running on port 3000","timestamp":"2025-10-04T09:36:15.577Z"}
{"level":"info","message":"Database connection successful","timestamp":"2025-10-04T09:39:45.053Z"}
{"level":"info","message":"Connected to MySQL database","timestamp":"2025-10-04T09:39:45.057Z"}
{"level":"info","message":"Server running on port 3000","timestamp":"2025-10-04T09:39:45.062Z"}
{"level":"info","message":"Database connection successful","timestamp":"2025-10-04T09:46:53.666Z"}
{"level":"info","message":"Connected to MySQL database","timestamp":"2025-10-04T09:46:53.670Z"}
{"level":"info","message":"Server running on port 3000","timestamp":"2025-10-04T09:46:53.674Z"}
{"level":"info","message":"Database connection successful","timestamp":"2025-10-04T09:50:10.976Z"}
{"level":"info","message":"Connected to MySQL database","timestamp":"2025-10-04T09:50:10.980Z"}
{"level":"info","message":"Server running on port 3000","timestamp":"2025-10-04T09:50:10.984Z"}
{"level":"info","message":"Database connection successful","timestamp":"2025-10-04T09:53:40.874Z"}
{"level":"info","message":"Connected to MySQL database","timestamp":"2025-10-04T09:53:40.878Z"}
{"level":"info","message":"Server running on port 3000","timestamp":"2025-10-04T09:53:40.882Z"}
{"level":"info","message":"Database connection successful","timestamp":"2025-10-04T10:00:15.104Z"}
{"level":"info","message":"Connected to MySQL database","timestamp":"2025-10-04T10:00:15.108Z"}
{"level":"info","message":"Server running on port 3000","timestamp":"2025-10-04T10:00:15.112Z"}
